2020-10-27T07:29:50+00:00 ERROR Error getting remote inbox notification data feed
2020-10-27T07:29:50+00:00 ERROR WP_Error Object
(
    [errors] => Array
        (
            [http_request_failed] => Array
                (
                    [0] => cURL error 28: Operation timed out after 5001 milliseconds with 0 out of 0 bytes received
                )

        )

    [error_data] => Array
        (
        )

)

2020-10-27T07:29:55+00:00 ERROR Error getting remote inbox notification data feed
2020-10-27T07:29:55+00:00 ERROR WP_Error Object
(
    [errors] => Array
        (
            [http_request_failed] => Array
                (
                    [0] => cURL error 28: Operation timed out after 5000 milliseconds with 0 out of 0 bytes received
                )

        )

    [error_data] => Array
        (
        )

)

2020-10-27T07:30:01+00:00 ERROR Error getting remote inbox notification data feed
2020-10-27T07:30:01+00:00 ERROR WP_Error Object
(
    [errors] => Array
        (
            [http_request_failed] => Array
                (
                    [0] => cURL error 28: Operation timed out after 5000 milliseconds with 0 out of 0 bytes received
                )

        )

    [error_data] => Array
        (
        )

)

